<?xml version="1.0" encoding="UTF-8"?>
<!-- Generated by org.testng.reporters.JUnitXMLReporter -->
<testsuite hostname="USERs-Air" ignored="9" name="Test" tests="9" failures="0" timestamp="2023-03-13T23:50:40 CET" time="113.419" errors="0">
  <testcase name="getTitle" time="0.051" classname="com.CRM.regression.test.ReadTitleTest"/>
  <testcase name="HeaderTest" time="0.213" classname="com.CRM.regression.test.HeaderImageTest"/>
  <testcase name="getCopyRightTest" time="0.12" classname="com.CRM.regression.test.GetCopyrightTest"/>
  <testcase name="LogIn" time="2.587" classname="com.CRM.regression.test.LogInTest"/>
  <testcase name="getNaviColor" time="2.497" classname="com.CRM.regression.test.NaviColorTest"/>
  <testcase name="checkMenuOptions" time="2.595" classname="com.CRM.regression.test.MenuCheckTest"/>
  <testcase name="getLeadInfo" time="6.794" classname="com.CRM.regression.test.ReadLeadInfoTest"/>
  <testcase name="readTableData" time="6.767" classname="com.CRM.regression.test.PrintTableTest"/>
  <testcase name="printNameData" time="6.49" classname="com.CRM.regression.test.PrintNamesTest"/>
  <testcase name="@BeforeSuite setUpSuite" time="0.0" classname="com.CRM.utility.BaseClass">
    <ignored/>
  </testcase> <!-- @BeforeSuite setUpSuite -->
  <testcase name="@BeforeSuite setUpSuite" time="0.0" classname="com.CRM.utility.BaseClass">
    <ignored/>
  </testcase> <!-- @BeforeSuite setUpSuite -->
  <testcase name="@BeforeSuite setUpSuite" time="0.0" classname="com.CRM.utility.BaseClass">
    <ignored/>
  </testcase> <!-- @BeforeSuite setUpSuite -->
  <testcase name="@BeforeSuite setUpSuite" time="0.0" classname="com.CRM.utility.BaseClass">
    <ignored/>
  </testcase> <!-- @BeforeSuite setUpSuite -->
  <testcase name="@BeforeSuite setUpSuite" time="0.0" classname="com.CRM.utility.BaseClass">
    <ignored/>
  </testcase> <!-- @BeforeSuite setUpSuite -->
  <testcase name="@BeforeSuite setUpSuite" time="0.0" classname="com.CRM.utility.BaseClass">
    <ignored/>
  </testcase> <!-- @BeforeSuite setUpSuite -->
  <testcase name="@BeforeSuite setUpSuite" time="0.0" classname="com.CRM.utility.BaseClass">
    <ignored/>
  </testcase> <!-- @BeforeSuite setUpSuite -->
  <testcase name="@BeforeSuite setUpSuite" time="0.0" classname="com.CRM.utility.BaseClass">
    <ignored/>
  </testcase> <!-- @BeforeSuite setUpSuite -->
  <testcase name="@BeforeSuite setUpSuite" time="0.0" classname="com.CRM.utility.BaseClass">
    <ignored/>
  </testcase> <!-- @BeforeSuite setUpSuite -->
</testsuite> <!-- Test -->
