<?xml version="1.0" encoding="UTF-8"?>
<!-- Generated by org.testng.reporters.JUnitReportReporter -->
<testsuite skipped="0" hostname="USERs-Air" name="com.CRM.regression.test.GetCopyrightTest" tests="1" failures="0" timestamp="2023-03-13T23:50:41 CET" time="8.322" errors="0">
  <testcase name="getCopyRightTest" time="8.322" classname="com.CRM.regression.test.GetCopyrightTest"/>
  <system-out>
    <![CDATA[Test Case : Print the first copyright text in the footer to the console - Started
CopyRight Text is : © Supercharged by SuiteCRM
Test Case : Print the first copyright text in the footer to the console - Pass]]>
  </system-out>
</testsuite> <!-- com.CRM.regression.test.GetCopyrightTest -->
